-------------------------------------------------------------------------------
Test set: com.runaddictmusic.substring.TestSearch
-------------------------------------------------------------------------------
Tests run: 8, Failures: 3, Errors: 0, Skipped: 0, Time elapsed: 0.102 s <<< FAILURE! - in com.runaddictmusic.substring.TestSearch
boyerCanMatchStringsWithSpacesInBetween  Time elapsed: 0.073 s  <<< FAILURE!
org.opentest4j.AssertionFailedError: expected: <31> but was: <-1>
	at com.runaddictmusic.substring.TestSearch.boyerCanMatchStringsWithSpacesInBetween(TestSearch.java:61)

boyerIgnoresLetterCasingWhenLastBooleanParameterIsTrue  Time elapsed: 0.002 s  <<< FAILURE!
org.opentest4j.AssertionFailedError: expected: not equal but was: <-1>
	at com.runaddictmusic.substring.TestSearch.boyerIgnoresLetterCasingWhenLastBooleanParameterIsTrue(TestSearch.java:69)

boyerFindsCorrectIndex  Time elapsed: 0.002 s  <<< FAILURE!
org.opentest4j.AssertionFailedError: expected: <6> but was: <-1>
	at com.runaddictmusic.substring.TestSearch.boyerFindsCorrectIndex(TestSearch.java:45)

