<?xml version="1.0" encoding="UTF-8"?>
<testsuite xmlns:xsi="http://www.w3.org/2001/XMLSchema-instance" xsi:noNamespaceSchemaLocation="https://maven.apache.org/surefire/maven-surefire-plugin/xsd/surefire-test-report.xsd" name="com.runaddictmusic.substring.TestSearch" time="0.102" tests="8" errors="0" skipped="0" failures="3">
  <properties>
[...]
</properties>
  <testcase name="boyerCanMatchStringsWithSpacesInBetween" classname="com.runaddictmusic.substring.TestSearch" time="0.073">
    <failure message="expected: &lt;31&gt; but was: &lt;-1&gt;" type="org.opentest4j.AssertionFailedError"><![CDATA[org.opentest4j.AssertionFailedError: expected: <31> but was: <-1>
	at com.runaddictmusic.substring.TestSearch.boyerCanMatchStringsWithSpacesInBetween(TestSearch.java:61)
]]></failure>
  </testcase>
  <testcase name="bruteForceIgnoresLetterCasingWhenLastBooleanParameterSet" classname="com.runaddictmusic.substring.TestSearch" time="0.003"/>
  <testcase name="boyerReturnsNegative1IfPatternIsNotMatched" classname="com.runaddictmusic.substring.TestSearch" time="0.001"/>
  <testcase name="boyerIgnoresLetterCasingWhenLastBooleanParameterIsTrue" classname="com.runaddictmusic.substring.TestSearch" time="0.002">
    <failure message="expected: not equal but was: &lt;-1&gt;" type="org.opentest4j.AssertionFailedError"><![CDATA[org.opentest4j.AssertionFailedError: expected: not equal but was: <-1>
	at com.runaddictmusic.substring.TestSearch.boyerIgnoresLetterCasingWhenLastBooleanParameterIsTrue(TestSearch.java:69)
]]></failure>
  </testcase>
  <testcase name="boyerFindsCorrectIndex" classname="com.runaddictmusic.substring.TestSearch" time="0.002">
    <failure message="expected: &lt;6&gt; but was: &lt;-1&gt;" type="org.opentest4j.AssertionFailedError"><![CDATA[org.opentest4j.AssertionFailedError: expected: <6> but was: <-1>
	at com.runaddictmusic.substring.TestSearch.boyerFindsCorrectIndex(TestSearch.java:45)
]]></failure>
  </testcase>
  <testcase name="bruteForceFindsCorrectIndex" classname="com.runaddictmusic.substring.TestSearch" time="0.001"/>
  <testcase name="bruteForceCanMatchStringsWithSpacesInBetween" classname="com.runaddictmusic.substring.TestSearch" time="0.001"/>
  <testcase name="bruteForceReturnsNegative1IfNotFound" classname="com.runaddictmusic.substring.TestSearch" time="0"/>
</testsuite>